0 info it worked if it ends with ok
1 verbose cli [ 'S:\\dev\\NodeJs\\node.exe',
1 verbose cli   'S:\\dev\\NodeJs\\node_modules\\npm\\bin\\npm-cli.js',
1 verbose cli   'install',
1 verbose cli   'node-curl' ]
2 info using npm@2.14.2
3 info using node@v4.0.0
4 verbose install initial load of S:\dev\NodeJs\testProject\package.json
5 verbose installManyTop reading scoped package data from S:\dev\NodeJs\testProject\node_modules\body-parser\package.json
6 verbose installManyTop reading scoped package data from S:\dev\NodeJs\testProject\node_modules\cookie-parser\package.json
7 verbose installManyTop reading scoped package data from S:\dev\NodeJs\testProject\node_modules\debug\package.json
8 verbose installManyTop reading scoped package data from S:\dev\NodeJs\testProject\node_modules\ejs\package.json
9 verbose installManyTop reading scoped package data from S:\dev\NodeJs\testProject\node_modules\express\package.json
10 verbose installManyTop reading scoped package data from S:\dev\NodeJs\testProject\node_modules\morgan\package.json
11 verbose installManyTop reading scoped package data from S:\dev\NodeJs\testProject\node_modules\pg\package.json
12 verbose installManyTop reading scoped package data from S:\dev\NodeJs\testProject\node_modules\serve-favicon\package.json
13 verbose readDependencies loading dependencies from S:\dev\NodeJs\testProject\package.json
14 silly cache add args [ 'node-curl', null ]
15 verbose cache add spec node-curl
16 silly cache add parsed spec Result {
16 silly cache add   raw: 'node-curl',
16 silly cache add   scope: null,
16 silly cache add   name: 'node-curl',
16 silly cache add   rawSpec: '',
16 silly cache add   spec: '*',
16 silly cache add   type: 'range' }
17 silly addNamed node-curl@*
18 verbose addNamed "*" is a valid semver range for node-curl
19 silly addNameRange { name: 'node-curl', range: '*', hasData: false }
20 silly mapToRegistry name node-curl
21 silly mapToRegistry using default registry
22 silly mapToRegistry registry https://registry.npmjs.org/
23 silly mapToRegistry uri https://registry.npmjs.org/node-curl
24 verbose addNameRange registry:https://registry.npmjs.org/node-curl not in flight; fetching
25 verbose request uri https://registry.npmjs.org/node-curl
26 verbose request no auth needed
27 info attempt registry request try #1 at 10:54:48
28 verbose request id d3e310d3b045cec1
29 http request GET https://registry.npmjs.org/node-curl
30 http 200 https://registry.npmjs.org/node-curl
31 silly get cb [ 200,
31 silly get   { server: 'CouchDB/1.5.0 (Erlang OTP/R16B03)',
31 silly get     etag: '"30L2HSOUEWJZSCO16XTMLL0FE"',
31 silly get     'content-type': 'application/json',
31 silly get     'cache-control': 'max-age=60',
31 silly get     'content-length': '20433',
31 silly get     'accept-ranges': 'bytes',
31 silly get     date: 'Sun, 01 Nov 2015 09:54:48 GMT',
31 silly get     via: '1.1 varnish',
31 silly get     age: '0',
31 silly get     connection: 'keep-alive',
31 silly get     'x-served-by': 'cache-fra1229-FRA',
31 silly get     'x-cache': 'MISS',
31 silly get     'x-cache-hits': '0',
31 silly get     'x-timer': 'S1446371688.614368,VS0,VE371',
31 silly get     vary: 'Accept' } ]
32 verbose get saving node-curl to C:\Users\Aron\AppData\Roaming\npm-cache\registry.npmjs.org\node-curl\.cache.json
33 silly addNameRange number 2 { name: 'node-curl', range: '*', hasData: true }
34 silly addNameRange versions [ 'node-curl',
34 silly addNameRange   [ '0.1.0',
34 silly addNameRange     '0.1.1',
34 silly addNameRange     '0.1.2',
34 silly addNameRange     '0.1.3',
34 silly addNameRange     '0.1.4',
34 silly addNameRange     '0.1.5',
34 silly addNameRange     '0.1.6',
34 silly addNameRange     '0.1.7',
34 silly addNameRange     '0.1.8',
34 silly addNameRange     '0.2.0',
34 silly addNameRange     '0.2.1',
34 silly addNameRange     '0.2.2',
34 silly addNameRange     '0.2.3',
34 silly addNameRange     '0.3.0',
34 silly addNameRange     '0.3.1',
34 silly addNameRange     '0.3.3' ] ]
35 silly addNamed node-curl@0.3.3
36 verbose addNamed "0.3.3" is a plain semver version for node-curl
37 silly mapToRegistry name node-curl
38 silly mapToRegistry using default registry
39 silly mapToRegistry registry https://registry.npmjs.org/
40 silly mapToRegistry uri https://registry.npmjs.org/node-curl
41 verbose addRemoteTarball https://registry.npmjs.org/node-curl/-/node-curl-0.3.3.tgz not in flight; adding
42 verbose addRemoteTarball [ 'https://registry.npmjs.org/node-curl/-/node-curl-0.3.3.tgz',
42 verbose addRemoteTarball   '71274370774c2298b860307a9e45877701638735' ]
43 info retry fetch attempt 1 at 10:54:49
44 info attempt registry request try #1 at 10:54:49
45 http fetch GET https://registry.npmjs.org/node-curl/-/node-curl-0.3.3.tgz
46 http fetch 200 https://registry.npmjs.org/node-curl/-/node-curl-0.3.3.tgz
47 silly fetchAndShaCheck shasum 71274370774c2298b860307a9e45877701638735
48 verbose addTmpTarball C:\Users\Aron\AppData\Local\Temp\npm-2740-331d18be\registry.npmjs.org\node-curl\-\node-curl-0.3.3.tgz not in flight; adding
49 verbose addTmpTarball already have metadata; skipping unpack for node-curl@0.3.3
50 silly cache afterAdd node-curl@0.3.3
51 verbose afterAdd C:\Users\Aron\AppData\Roaming\npm-cache\node-curl\0.3.3\package\package.json not in flight; writing
52 verbose afterAdd C:\Users\Aron\AppData\Roaming\npm-cache\node-curl\0.3.3\package\package.json written
53 silly install resolved [ { name: 'node-curl',
53 silly install resolved     version: '0.3.3',
53 silly install resolved     author: { name: 'Jiang Miao', email: 'jiangfriend@gmail.com' },
53 silly install resolved     description: 'node wrapper for multi curl, fully implemented.',
53 silly install resolved     keywords: [ 'node-curl', 'curl', 'multi-curl', 'mcurl' ],
53 silly install resolved     homepage: 'http://github.com/jiangmiao/node-curl',
53 silly install resolved     repository: { type: 'git', url: 'git://github.com/jiangmiao/node-curl.git' },
53 silly install resolved     main: './lib',
53 silly install resolved     scripts: { install: 'sh src/generate_curl_options_list.sh && (node-gyp rebuild || node-waf configure build)' },
53 silly install resolved     engines: { node: '>= 0.6.0' },
53 silly install resolved     bugs: { url: 'https://github.com/jiangmiao/node-curl/issues' },
53 silly install resolved     _id: 'node-curl@0.3.3',
53 silly install resolved     _shasum: '71274370774c2298b860307a9e45877701638735',
53 silly install resolved     _resolved: 'https://registry.npmjs.org/node-curl/-/node-curl-0.3.3.tgz',
53 silly install resolved     _from: 'node-curl@*',
53 silly install resolved     _npmVersion: '1.4.23',
53 silly install resolved     _npmUser: { name: 'jiangmiao', email: 'jiangfriend@gmail.com' },
53 silly install resolved     maintainers: [ [Object] ],
53 silly install resolved     dist:
53 silly install resolved      { shasum: '71274370774c2298b860307a9e45877701638735',
53 silly install resolved        tarball: 'http://registry.npmjs.org/node-curl/-/node-curl-0.3.3.tgz' },
53 silly install resolved     directories: {} } ]
54 info install node-curl@0.3.3 into S:\dev\NodeJs\testProject
55 info installOne node-curl@0.3.3
56 verbose installOne of node-curl to S:\dev\NodeJs\testProject not in flight; installing
57 verbose lock using C:\Users\Aron\AppData\Roaming\npm-cache\_locks\node-curl-a953ed020d41eaed.lock for S:\dev\NodeJs\testProject\node_modules\node-curl
58 silly install write writing node-curl 0.3.3 to S:\dev\NodeJs\testProject\node_modules\node-curl
59 verbose unbuild node_modules\node-curl
60 silly gentlyRm S:\dev\NodeJs\testProject\node_modules\node-curl is being purged from base S:\dev\NodeJs\testProject
61 verbose gentlyRm don't care about contents; nuking S:\dev\NodeJs\testProject\node_modules\node-curl
62 verbose tar unpack C:\Users\Aron\AppData\Roaming\npm-cache\node-curl\0.3.3\package.tgz
63 verbose tar unpacking to S:\dev\NodeJs\testProject\node_modules\node-curl
64 silly gentlyRm S:\dev\NodeJs\testProject\node_modules\node-curl is being purged
65 verbose gentlyRm don't care about contents; nuking S:\dev\NodeJs\testProject\node_modules\node-curl
66 silly gunzTarPerm modes [ '777', '666' ]
67 silly gunzTarPerm extractEntry package.json
68 silly gunzTarPerm modified mode [ 'package.json', 420, 438 ]
69 silly gunzTarPerm extractEntry .npmignore
70 silly gunzTarPerm modified mode [ '.npmignore', 420, 438 ]
71 silly gunzTarPerm extractEntry README.md
72 silly gunzTarPerm modified mode [ 'README.md', 420, 438 ]
73 silly gunzTarPerm extractEntry index.js
74 silly gunzTarPerm modified mode [ 'index.js', 420, 438 ]
75 silly gunzTarPerm extractEntry binding.gyp
76 silly gunzTarPerm modified mode [ 'binding.gyp', 420, 438 ]
77 silly gunzTarPerm extractEntry examples/curl.js
78 silly gunzTarPerm modified mode [ 'examples/curl.js', 420, 438 ]
79 silly gunzTarPerm extractEntry examples/low-level.js
80 silly gunzTarPerm modified mode [ 'examples/low-level.js', 420, 438 ]
81 silly gunzTarPerm extractEntry examples/post-multi-part.js
82 silly gunzTarPerm modified mode [ 'examples/post-multi-part.js', 420, 438 ]
83 silly gunzTarPerm extractEntry examples/test.js
84 silly gunzTarPerm modified mode [ 'examples/test.js', 420, 438 ]
85 silly gunzTarPerm extractEntry examples/low-level-pressure.js
86 silly gunzTarPerm modified mode [ 'examples/low-level-pressure.js', 420, 438 ]
87 silly gunzTarPerm extractEntry examples/test-stream.js
88 silly gunzTarPerm modified mode [ 'examples/test-stream.js', 420, 438 ]
89 silly gunzTarPerm extractEntry examples/pressure-multi-post.js
90 silly gunzTarPerm modified mode [ 'examples/pressure-multi-post.js', 420, 438 ]
91 silly gunzTarPerm extractEntry examples/test-get-info.js
92 silly gunzTarPerm modified mode [ 'examples/test-get-info.js', 420, 438 ]
93 silly gunzTarPerm extractEntry examples/test-errors.js
94 silly gunzTarPerm modified mode [ 'examples/test-errors.js', 420, 438 ]
95 silly gunzTarPerm extractEntry examples/quick-start.js
96 silly gunzTarPerm modified mode [ 'examples/quick-start.js', 420, 438 ]
97 silly gunzTarPerm extractEntry examples/post.js
98 silly gunzTarPerm modified mode [ 'examples/post.js', 420, 438 ]
99 silly gunzTarPerm extractEntry examples/pressure.js
100 silly gunzTarPerm modified mode [ 'examples/pressure.js', 420, 438 ]
101 silly gunzTarPerm extractEntry examples/pressure.toffee
102 silly gunzTarPerm modified mode [ 'examples/pressure.toffee', 420, 438 ]
103 silly gunzTarPerm extractEntry examples/curl.toffee
104 silly gunzTarPerm modified mode [ 'examples/curl.toffee', 420, 438 ]
105 silly gunzTarPerm extractEntry examples/test-errors.toffee
106 silly gunzTarPerm modified mode [ 'examples/test-errors.toffee', 420, 438 ]
107 silly gunzTarPerm extractEntry examples/pressure-multi-post.toffee
108 silly gunzTarPerm modified mode [ 'examples/pressure-multi-post.toffee', 420, 438 ]
109 silly gunzTarPerm extractEntry examples/post.toffee
110 silly gunzTarPerm modified mode [ 'examples/post.toffee', 420, 438 ]
111 silly gunzTarPerm extractEntry examples/test-stream.toffee
112 silly gunzTarPerm modified mode [ 'examples/test-stream.toffee', 420, 438 ]
113 silly gunzTarPerm extractEntry examples/post-multi-part.toffee
114 silly gunzTarPerm modified mode [ 'examples/post-multi-part.toffee', 420, 438 ]
115 silly gunzTarPerm extractEntry examples/test.toffee
116 silly gunzTarPerm modified mode [ 'examples/test.toffee', 420, 438 ]
117 silly gunzTarPerm extractEntry .travis.yml
118 silly gunzTarPerm modified mode [ '.travis.yml', 420, 438 ]
119 silly gunzTarPerm extractEntry index.toffee
120 silly gunzTarPerm modified mode [ 'index.toffee', 420, 438 ]
121 silly gunzTarPerm extractEntry lib/Curl.js
122 silly gunzTarPerm modified mode [ 'lib/Curl.js', 420, 438 ]
123 silly gunzTarPerm extractEntry lib/CurlBuilder.js
124 silly gunzTarPerm modified mode [ 'lib/CurlBuilder.js', 420, 438 ]
125 silly gunzTarPerm extractEntry lib/Curl.toffee
126 silly gunzTarPerm modified mode [ 'lib/Curl.toffee', 420, 438 ]
127 silly gunzTarPerm extractEntry lib/CurlBuilder.toffee
128 silly gunzTarPerm modified mode [ 'lib/CurlBuilder.toffee', 420, 438 ]
129 silly gunzTarPerm extractEntry LICENSE-MIT
130 silly gunzTarPerm modified mode [ 'LICENSE-MIT', 420, 438 ]
131 silly gunzTarPerm extractEntry src/generate_curl_options_list.sh
132 silly gunzTarPerm modified mode [ 'src/generate_curl_options_list.sh', 493, 511 ]
133 silly gunzTarPerm extractEntry src/node-curl.cc
134 silly gunzTarPerm modified mode [ 'src/node-curl.cc', 420, 438 ]
135 silly gunzTarPerm extractEntry src/node-curl.h
136 silly gunzTarPerm modified mode [ 'src/node-curl.h', 420, 438 ]
137 silly gunzTarPerm extractEntry wscript
138 silly gunzTarPerm modified mode [ 'wscript', 420, 438 ]
139 verbose write writing to S:\dev\NodeJs\testProject\node_modules\node-curl\package.json
140 info preinstall node-curl@0.3.3
141 verbose readDependencies loading dependencies from S:\dev\NodeJs\testProject\node_modules\node-curl\package.json
142 verbose readDependencies loading dependencies from S:\dev\NodeJs\testProject\node_modules\node-curl\package.json
143 silly install resolved []
144 verbose about to build S:\dev\NodeJs\testProject\node_modules\node-curl
145 info build S:\dev\NodeJs\testProject\node_modules\node-curl
146 info linkStuff node-curl@0.3.3
147 silly linkStuff node-curl@0.3.3 has S:\dev\NodeJs\testProject\node_modules as its parent node_modules
148 verbose linkBins node-curl@0.3.3
149 verbose linkMans node-curl@0.3.3
150 verbose rebuildBundles node-curl@0.3.3
151 info install node-curl@0.3.3
152 verbose unsafe-perm in lifecycle true
153 info node-curl@0.3.3 Failed to exec install script
154 verbose unlock done using C:\Users\Aron\AppData\Roaming\npm-cache\_locks\node-curl-a953ed020d41eaed.lock for S:\dev\NodeJs\testProject\node_modules\node-curl
155 verbose stack Error: node-curl@0.3.3 install: `sh src/generate_curl_options_list.sh && (node-gyp rebuild || node-waf configure build)`
155 verbose stack Exit status 1
155 verbose stack     at EventEmitter.<anonymous> (S:\dev\NodeJs\node_modules\npm\lib\utils\lifecycle.js:214:16)
155 verbose stack     at emitTwo (events.js:87:13)
155 verbose stack     at EventEmitter.emit (events.js:172:7)
155 verbose stack     at ChildProcess.<anonymous> (S:\dev\NodeJs\node_modules\npm\lib\utils\spawn.js:24:14)
155 verbose stack     at emitTwo (events.js:87:13)
155 verbose stack     at ChildProcess.emit (events.js:172:7)
155 verbose stack     at maybeClose (internal/child_process.js:817:16)
155 verbose stack     at Process.ChildProcess._handle.onexit (internal/child_process.js:211:5)
156 verbose pkgid node-curl@0.3.3
157 verbose cwd S:\dev\NodeJs\testProject
158 error Windows_NT 6.1.7601
159 error argv "S:\\dev\\NodeJs\\node.exe" "S:\\dev\\NodeJs\\node_modules\\npm\\bin\\npm-cli.js" "install" "node-curl"
160 error node v4.0.0
161 error npm  v2.14.2
162 error code ELIFECYCLE
163 error node-curl@0.3.3 install: `sh src/generate_curl_options_list.sh && (node-gyp rebuild || node-waf configure build)`
163 error Exit status 1
164 error Failed at the node-curl@0.3.3 install script 'sh src/generate_curl_options_list.sh && (node-gyp rebuild || node-waf configure build)'.
164 error This is most likely a problem with the node-curl package,
164 error not with npm itself.
164 error Tell the author that this fails on your system:
164 error     sh src/generate_curl_options_list.sh && (node-gyp rebuild || node-waf configure build)
164 error You can get their info via:
164 error     npm owner ls node-curl
164 error There is likely additional logging output above.
165 verbose exit [ 1, true ]
166 verbose unbuild node_modules\node-curl
167 info preuninstall node-curl@0.3.3
168 info uninstall node-curl@0.3.3
169 verbose unbuild rmStuff node-curl@0.3.3 from S:\dev\NodeJs\testProject\node_modules
170 info postuninstall node-curl@0.3.3
171 silly gentlyRm S:\dev\NodeJs\testProject\node_modules\node-curl is being purged from base S:\dev\NodeJs\testProject
172 verbose gentlyRm don't care about contents; nuking S:\dev\NodeJs\testProject\node_modules\node-curl
173 silly vacuum-fs purging S:\dev\NodeJs\testProject\node_modules\node-curl
174 silly vacuum-fs quitting because other entries in S:\dev\NodeJs\testProject\node_modules
